<?xml version="1.0" encoding="UTF-8"?>
<testsuite xmlns:xsi="http://www.w3.org/2001/XMLSchema-instance" xsi:noNamespaceSchemaLocation="https://maven.apache.org/surefire/maven-surefire-plugin/xsd/surefire-test-report.xsd" name="za.ac.nwu.ac.logic.flow.impl.FetchAccountTypeFlowImplTest" time="0.002" tests="1" errors="0" skipped="0" failures="0">
  <properties>
    <property name="sun.desktop" value="gnome"/>
    <property name="awt.toolkit" value="sun.awt.X11.XToolkit"/>
    <property name="file.encoding.pkg" value="sun.io"/>
    <property name="java.specification.version" value="1.8"/>
    <property name="sun.cpu.isalist" value=""/>
    <property name="sun.jnu.encoding" value="UTF-8"/>
    <property name="java.class.path" value="/home/teeairs/IdeaProjects/AccountSystem/AccountSystemLogic/target/test-classes:/home/teeairs/IdeaProjects/AccountSystem/AccountSystemLogic/target/classes:/home/teeairs/IdeaProjects/AccountSystem/AccountSystemDomain/target/AccountSystemDomain-1.0-SNAPSHOT.jar:/home/teeairs/Downloads/repo/org/projectlombok/lombok/1.18.8/lombok-1.18.8.jar:/home/teeairs/Downloads/repo/io/swagger/swagger-annotations/1.5.20/swagger-annotations-1.5.20.jar:/home/teeairs/Downloads/repo/com/fasterxml/jackson/core/jackson-annotations/2.9.0/jackson-annotations-2.9.0.jar:/home/teeairs/IdeaProjects/AccountSystem/AccountSystemTranslator/target/AccountSystemTranslator-1.0-SNAPSHOT.jar:/home/teeairs/IdeaProjects/AccountSystem/AccountSystemRepository/target/AccountSystemRepository-1.0-SNAPSHOT.jar:/home/teeairs/Downloads/repo/org/springframework/boot/spring-boot-starter-data-jpa/2.1.6.RELEASE/spring-boot-starter-data-jpa-2.1.6.RELEASE.jar:/home/teeairs/Downloads/repo/org/springframework/boot/spring-boot-starter-aop/2.1.6.RELEASE/spring-boot-starter-aop-2.1.6.RELEASE.jar:/home/teeairs/Downloads/repo/org/springframework/spring-aop/5.1.8.RELEASE/spring-aop-5.1.8.RELEASE.jar:/home/teeairs/Downloads/repo/org/aspectj/aspectjweaver/1.9.4/aspectjweaver-1.9.4.jar:/home/teeairs/Downloads/repo/org/springframework/boot/spring-boot-starter-jdbc/2.1.6.RELEASE/spring-boot-starter-jdbc-2.1.6.RELEASE.jar:/home/teeairs/Downloads/repo/com/zaxxer/HikariCP/3.2.0/HikariCP-3.2.0.jar:/home/teeairs/Downloads/repo/org/springframework/spring-jdbc/5.1.8.RELEASE/spring-jdbc-5.1.8.RELEASE.jar:/home/teeairs/Downloads/repo/javax/transaction/javax.transaction-api/1.3/javax.transaction-api-1.3.jar:/home/teeairs/Downloads/repo/javax/xml/bind/jaxb-api/2.3.1/jaxb-api-2.3.1.jar:/home/teeairs/Downloads/repo/javax/activation/javax.activation-api/1.2.0/javax.activation-api-1.2.0.jar:/home/teeairs/Downloads/repo/org/hibernate/hibernate-core/5.3.10.Final/hibernate-core-5.3.10.Final.jar:/home/teeairs/Downloads/repo/org/jboss/logging/jboss-logging/3.3.2.Final/jboss-logging-3.3.2.Final.jar:/home/teeairs/Downloads/repo/javax/persistence/javax.persistence-api/2.2/javax.persistence-api-2.2.jar:/home/teeairs/Downloads/repo/org/javassist/javassist/3.23.2-GA/javassist-3.23.2-GA.jar:/home/teeairs/Downloads/repo/antlr/antlr/2.7.7/antlr-2.7.7.jar:/home/teeairs/Downloads/repo/org/jboss/jandex/2.0.5.Final/jandex-2.0.5.Final.jar:/home/teeairs/Downloads/repo/com/fasterxml/classmate/1.4.0/classmate-1.4.0.jar:/home/teeairs/Downloads/repo/org/dom4j/dom4j/2.1.1/dom4j-2.1.1.jar:/home/teeairs/Downloads/repo/org/hibernate/common/hibernate-commons-annotations/5.0.4.Final/hibernate-commons-annotations-5.0.4.Final.jar:/home/teeairs/Downloads/repo/org/springframework/data/spring-data-jpa/2.1.9.RELEASE/spring-data-jpa-2.1.9.RELEASE.jar:/home/teeairs/Downloads/repo/org/springframework/data/spring-data-commons/2.1.9.RELEASE/spring-data-commons-2.1.9.RELEASE.jar:/home/teeairs/Downloads/repo/org/springframework/spring-orm/5.1.8.RELEASE/spring-orm-5.1.8.RELEASE.jar:/home/teeairs/Downloads/repo/org/springframework/spring-tx/5.1.8.RELEASE/spring-tx-5.1.8.RELEASE.jar:/home/teeairs/Downloads/repo/org/springframework/spring-beans/5.1.8.RELEASE/spring-beans-5.1.8.RELEASE.jar:/home/teeairs/Downloads/repo/org/springframework/spring-aspects/5.1.8.RELEASE/spring-aspects-5.1.8.RELEASE.jar:/home/teeairs/Downloads/repo/mysql/mysql-connector-java/8.0.26/mysql-connector-java-8.0.26.jar:/home/teeairs/Downloads/repo/com/google/protobuf/protobuf-java/3.11.4/protobuf-java-3.11.4.jar:/home/teeairs/Downloads/repo/org/springframework/spring-core/5.1.8.RELEASE/spring-core-5.1.8.RELEASE.jar:/home/teeairs/Downloads/repo/org/springframework/spring-jcl/5.1.8.RELEASE/spring-jcl-5.1.8.RELEASE.jar:/home/teeairs/Downloads/repo/org/springframework/boot/spring-boot-starter-test/2.1.6.RELEASE/spring-boot-starter-test-2.1.6.RELEASE.jar:/home/teeairs/Downloads/repo/org/springframework/boot/spring-boot-starter/2.1.6.RELEASE/spring-boot-starter-2.1.6.RELEASE.jar:/home/teeairs/Downloads/repo/org/springframework/boot/spring-boot/2.1.6.RELEASE/spring-boot-2.1.6.RELEASE.jar:/home/teeairs/Downloads/repo/org/springframework/spring-context/5.1.8.RELEASE/spring-context-5.1.8.RELEASE.jar:/home/teeairs/Downloads/repo/org/springframework/spring-expression/5.1.8.RELEASE/spring-expression-5.1.8.RELEASE.jar:/home/teeairs/Downloads/repo/org/springframework/boot/spring-boot-autoconfigure/2.1.6.RELEASE/spring-boot-autoconfigure-2.1.6.RELEASE.jar:/home/teeairs/Downloads/repo/org/springframework/boot/spring-boot-starter-logging/2.1.6.RELEASE/spring-boot-starter-logging-2.1.6.RELEASE.jar:/home/teeairs/Downloads/repo/ch/qos/logback/logback-classic/1.2.3/logback-classic-1.2.3.jar:/home/teeairs/Downloads/repo/ch/qos/logback/logback-core/1.2.3/logback-core-1.2.3.jar:/home/teeairs/Downloads/repo/org/apache/logging/log4j/log4j-to-slf4j/2.11.2/log4j-to-slf4j-2.11.2.jar:/home/teeairs/Downloads/repo/org/apache/logging/log4j/log4j-api/2.11.2/log4j-api-2.11.2.jar:/home/teeairs/Downloads/repo/org/slf4j/jul-to-slf4j/1.7.26/jul-to-slf4j-1.7.26.jar:/home/teeairs/Downloads/repo/javax/annotation/javax.annotation-api/1.3.2/javax.annotation-api-1.3.2.jar:/home/teeairs/Downloads/repo/org/yaml/snakeyaml/1.23/snakeyaml-1.23.jar:/home/teeairs/Downloads/repo/org/springframework/boot/spring-boot-test/2.1.6.RELEASE/spring-boot-test-2.1.6.RELEASE.jar:/home/teeairs/Downloads/repo/org/springframework/boot/spring-boot-test-autoconfigure/2.1.6.RELEASE/spring-boot-test-autoconfigure-2.1.6.RELEASE.jar:/home/teeairs/Downloads/repo/com/jayway/jsonpath/json-path/2.4.0/json-path-2.4.0.jar:/home/teeairs/Downloads/repo/net/minidev/json-smart/2.3/json-smart-2.3.jar:/home/teeairs/Downloads/repo/net/minidev/accessors-smart/1.2/accessors-smart-1.2.jar:/home/teeairs/Downloads/repo/org/ow2/asm/asm/5.0.4/asm-5.0.4.jar:/home/teeairs/Downloads/repo/org/slf4j/slf4j-api/1.7.26/slf4j-api-1.7.26.jar:/home/teeairs/Downloads/repo/junit/junit/4.12/junit-4.12.jar:/home/teeairs/Downloads/repo/org/assertj/assertj-core/3.11.1/assertj-core-3.11.1.jar:/home/teeairs/Downloads/repo/org/mockito/mockito-core/2.23.4/mockito-core-2.23.4.jar:/home/teeairs/Downloads/repo/net/bytebuddy/byte-buddy/1.9.13/byte-buddy-1.9.13.jar:/home/teeairs/Downloads/repo/net/bytebuddy/byte-buddy-agent/1.9.13/byte-buddy-agent-1.9.13.jar:/home/teeairs/Downloads/repo/org/objenesis/objenesis/2.6/objenesis-2.6.jar:/home/teeairs/Downloads/repo/org/hamcrest/hamcrest-core/1.3/hamcrest-core-1.3.jar:/home/teeairs/Downloads/repo/org/hamcrest/hamcrest-library/1.3/hamcrest-library-1.3.jar:/home/teeairs/Downloads/repo/org/skyscreamer/jsonassert/1.5.0/jsonassert-1.5.0.jar:/home/teeairs/Downloads/repo/com/vaadin/external/google/android-json/0.0.20131108.vaadin1/android-json-0.0.20131108.vaadin1.jar:/home/teeairs/Downloads/repo/org/springframework/spring-test/5.1.8.RELEASE/spring-test-5.1.8.RELEASE.jar:/home/teeairs/Downloads/repo/org/xmlunit/xmlunit-core/2.6.2/xmlunit-core-2.6.2.jar:"/>
    <property name="java.vm.vendor" value="Private Build"/>
    <property name="sun.arch.data.model" value="64"/>
    <property name="java.vendor.url" value="http://java.oracle.com/"/>
    <property name="user.timezone" value=""/>
    <property name="java.vm.specification.version" value="1.8"/>
    <property name="os.name" value="Linux"/>
    <property name="user.country" value="ZA"/>
    <property name="sun.java.launcher" value="SUN_STANDARD"/>
    <property name="sun.boot.library.path" value="/usr/lib/jvm/java-8-openjdk-amd64/jre/lib/amd64"/>
    <property name="sun.java.command" value="/home/teeairs/IdeaProjects/AccountSystem/AccountSystemLogic/target/surefire/surefirebooter5769657889262460307.jar /home/teeairs/IdeaProjects/AccountSystem/AccountSystemLogic/target/surefire 2021-10-07T15-48-38_242-jvmRun1 surefire2127864462985301941tmp surefire_05622168373983879166tmp"/>
    <property name="surefire.test.class.path" value="/home/teeairs/IdeaProjects/AccountSystem/AccountSystemLogic/target/test-classes:/home/teeairs/IdeaProjects/AccountSystem/AccountSystemLogic/target/classes:/home/teeairs/IdeaProjects/AccountSystem/AccountSystemDomain/target/AccountSystemDomain-1.0-SNAPSHOT.jar:/home/teeairs/Downloads/repo/org/projectlombok/lombok/1.18.8/lombok-1.18.8.jar:/home/teeairs/Downloads/repo/io/swagger/swagger-annotations/1.5.20/swagger-annotations-1.5.20.jar:/home/teeairs/Downloads/repo/com/fasterxml/jackson/core/jackson-annotations/2.9.0/jackson-annotations-2.9.0.jar:/home/teeairs/IdeaProjects/AccountSystem/AccountSystemTranslator/target/AccountSystemTranslator-1.0-SNAPSHOT.jar:/home/teeairs/IdeaProjects/AccountSystem/AccountSystemRepository/target/AccountSystemRepository-1.0-SNAPSHOT.jar:/home/teeairs/Downloads/repo/org/springframework/boot/spring-boot-starter-data-jpa/2.1.6.RELEASE/spring-boot-starter-data-jpa-2.1.6.RELEASE.jar:/home/teeairs/Downloads/repo/org/springframework/boot/spring-boot-starter-aop/2.1.6.RELEASE/spring-boot-starter-aop-2.1.6.RELEASE.jar:/home/teeairs/Downloads/repo/org/springframework/spring-aop/5.1.8.RELEASE/spring-aop-5.1.8.RELEASE.jar:/home/teeairs/Downloads/repo/org/aspectj/aspectjweaver/1.9.4/aspectjweaver-1.9.4.jar:/home/teeairs/Downloads/repo/org/springframework/boot/spring-boot-starter-jdbc/2.1.6.RELEASE/spring-boot-starter-jdbc-2.1.6.RELEASE.jar:/home/teeairs/Downloads/repo/com/zaxxer/HikariCP/3.2.0/HikariCP-3.2.0.jar:/home/teeairs/Downloads/repo/org/springframework/spring-jdbc/5.1.8.RELEASE/spring-jdbc-5.1.8.RELEASE.jar:/home/teeairs/Downloads/repo/javax/transaction/javax.transaction-api/1.3/javax.transaction-api-1.3.jar:/home/teeairs/Downloads/repo/javax/xml/bind/jaxb-api/2.3.1/jaxb-api-2.3.1.jar:/home/teeairs/Downloads/repo/javax/activation/javax.activation-api/1.2.0/javax.activation-api-1.2.0.jar:/home/teeairs/Downloads/repo/org/hibernate/hibernate-core/5.3.10.Final/hibernate-core-5.3.10.Final.jar:/home/teeairs/Downloads/repo/org/jboss/logging/jboss-logging/3.3.2.Final/jboss-logging-3.3.2.Final.jar:/home/teeairs/Downloads/repo/javax/persistence/javax.persistence-api/2.2/javax.persistence-api-2.2.jar:/home/teeairs/Downloads/repo/org/javassist/javassist/3.23.2-GA/javassist-3.23.2-GA.jar:/home/teeairs/Downloads/repo/antlr/antlr/2.7.7/antlr-2.7.7.jar:/home/teeairs/Downloads/repo/org/jboss/jandex/2.0.5.Final/jandex-2.0.5.Final.jar:/home/teeairs/Downloads/repo/com/fasterxml/classmate/1.4.0/classmate-1.4.0.jar:/home/teeairs/Downloads/repo/org/dom4j/dom4j/2.1.1/dom4j-2.1.1.jar:/home/teeairs/Downloads/repo/org/hibernate/common/hibernate-commons-annotations/5.0.4.Final/hibernate-commons-annotations-5.0.4.Final.jar:/home/teeairs/Downloads/repo/org/springframework/data/spring-data-jpa/2.1.9.RELEASE/spring-data-jpa-2.1.9.RELEASE.jar:/home/teeairs/Downloads/repo/org/springframework/data/spring-data-commons/2.1.9.RELEASE/spring-data-commons-2.1.9.RELEASE.jar:/home/teeairs/Downloads/repo/org/springframework/spring-orm/5.1.8.RELEASE/spring-orm-5.1.8.RELEASE.jar:/home/teeairs/Downloads/repo/org/springframework/spring-tx/5.1.8.RELEASE/spring-tx-5.1.8.RELEASE.jar:/home/teeairs/Downloads/repo/org/springframework/spring-beans/5.1.8.RELEASE/spring-beans-5.1.8.RELEASE.jar:/home/teeairs/Downloads/repo/org/springframework/spring-aspects/5.1.8.RELEASE/spring-aspects-5.1.8.RELEASE.jar:/home/teeairs/Downloads/repo/mysql/mysql-connector-java/8.0.26/mysql-connector-java-8.0.26.jar:/home/teeairs/Downloads/repo/com/google/protobuf/protobuf-java/3.11.4/protobuf-java-3.11.4.jar:/home/teeairs/Downloads/repo/org/springframework/spring-core/5.1.8.RELEASE/spring-core-5.1.8.RELEASE.jar:/home/teeairs/Downloads/repo/org/springframework/spring-jcl/5.1.8.RELEASE/spring-jcl-5.1.8.RELEASE.jar:/home/teeairs/Downloads/repo/org/springframework/boot/spring-boot-starter-test/2.1.6.RELEASE/spring-boot-starter-test-2.1.6.RELEASE.jar:/home/teeairs/Downloads/repo/org/springframework/boot/spring-boot-starter/2.1.6.RELEASE/spring-boot-starter-2.1.6.RELEASE.jar:/home/teeairs/Downloads/repo/org/springframework/boot/spring-boot/2.1.6.RELEASE/spring-boot-2.1.6.RELEASE.jar:/home/teeairs/Downloads/repo/org/springframework/spring-context/5.1.8.RELEASE/spring-context-5.1.8.RELEASE.jar:/home/teeairs/Downloads/repo/org/springframework/spring-expression/5.1.8.RELEASE/spring-expression-5.1.8.RELEASE.jar:/home/teeairs/Downloads/repo/org/springframework/boot/spring-boot-autoconfigure/2.1.6.RELEASE/spring-boot-autoconfigure-2.1.6.RELEASE.jar:/home/teeairs/Downloads/repo/org/springframework/boot/spring-boot-starter-logging/2.1.6.RELEASE/spring-boot-starter-logging-2.1.6.RELEASE.jar:/home/teeairs/Downloads/repo/ch/qos/logback/logback-classic/1.2.3/logback-classic-1.2.3.jar:/home/teeairs/Downloads/repo/ch/qos/logback/logback-core/1.2.3/logback-core-1.2.3.jar:/home/teeairs/Downloads/repo/org/apache/logging/log4j/log4j-to-slf4j/2.11.2/log4j-to-slf4j-2.11.2.jar:/home/teeairs/Downloads/repo/org/apache/logging/log4j/log4j-api/2.11.2/log4j-api-2.11.2.jar:/home/teeairs/Downloads/repo/org/slf4j/jul-to-slf4j/1.7.26/jul-to-slf4j-1.7.26.jar:/home/teeairs/Downloads/repo/javax/annotation/javax.annotation-api/1.3.2/javax.annotation-api-1.3.2.jar:/home/teeairs/Downloads/repo/org/yaml/snakeyaml/1.23/snakeyaml-1.23.jar:/home/teeairs/Downloads/repo/org/springframework/boot/spring-boot-test/2.1.6.RELEASE/spring-boot-test-2.1.6.RELEASE.jar:/home/teeairs/Downloads/repo/org/springframework/boot/spring-boot-test-autoconfigure/2.1.6.RELEASE/spring-boot-test-autoconfigure-2.1.6.RELEASE.jar:/home/teeairs/Downloads/repo/com/jayway/jsonpath/json-path/2.4.0/json-path-2.4.0.jar:/home/teeairs/Downloads/repo/net/minidev/json-smart/2.3/json-smart-2.3.jar:/home/teeairs/Downloads/repo/net/minidev/accessors-smart/1.2/accessors-smart-1.2.jar:/home/teeairs/Downloads/repo/org/ow2/asm/asm/5.0.4/asm-5.0.4.jar:/home/teeairs/Downloads/repo/org/slf4j/slf4j-api/1.7.26/slf4j-api-1.7.26.jar:/home/teeairs/Downloads/repo/junit/junit/4.12/junit-4.12.jar:/home/teeairs/Downloads/repo/org/assertj/assertj-core/3.11.1/assertj-core-3.11.1.jar:/home/teeairs/Downloads/repo/org/mockito/mockito-core/2.23.4/mockito-core-2.23.4.jar:/home/teeairs/Downloads/repo/net/bytebuddy/byte-buddy/1.9.13/byte-buddy-1.9.13.jar:/home/teeairs/Downloads/repo/net/bytebuddy/byte-buddy-agent/1.9.13/byte-buddy-agent-1.9.13.jar:/home/teeairs/Downloads/repo/org/objenesis/objenesis/2.6/objenesis-2.6.jar:/home/teeairs/Downloads/repo/org/hamcrest/hamcrest-core/1.3/hamcrest-core-1.3.jar:/home/teeairs/Downloads/repo/org/hamcrest/hamcrest-library/1.3/hamcrest-library-1.3.jar:/home/teeairs/Downloads/repo/org/skyscreamer/jsonassert/1.5.0/jsonassert-1.5.0.jar:/home/teeairs/Downloads/repo/com/vaadin/external/google/android-json/0.0.20131108.vaadin1/android-json-0.0.20131108.vaadin1.jar:/home/teeairs/Downloads/repo/org/springframework/spring-test/5.1.8.RELEASE/spring-test-5.1.8.RELEASE.jar:/home/teeairs/Downloads/repo/org/xmlunit/xmlunit-core/2.6.2/xmlunit-core-2.6.2.jar:"/>
    <property name="sun.cpu.endian" value="little"/>
    <property name="user.home" value="/home/teeairs"/>
    <property name="user.language" value="en"/>
    <property name="java.specification.vendor" value="Oracle Corporation"/>
    <property name="java.home" value="/usr/lib/jvm/java-8-openjdk-amd64/jre"/>
    <property name="basedir" value="/home/teeairs/IdeaProjects/AccountSystem/AccountSystemLogic"/>
    <property name="file.separator" value="/"/>
    <property name="line.separator" value="&#10;"/>
    <property name="java.vm.specification.vendor" value="Oracle Corporation"/>
    <property name="java.specification.name" value="Java Platform API Specification"/>
    <property name="java.awt.graphicsenv" value="sun.awt.X11GraphicsEnvironment"/>
    <property name="surefire.real.class.path" value="/home/teeairs/IdeaProjects/AccountSystem/AccountSystemLogic/target/surefire/surefirebooter5769657889262460307.jar"/>
    <property name="sun.boot.class.path" value="/usr/lib/jvm/java-8-openjdk-amd64/jre/lib/resources.jar:/usr/lib/jvm/java-8-openjdk-amd64/jre/lib/rt.jar:/usr/lib/jvm/java-8-openjdk-amd64/jre/lib/sunrsasign.jar:/usr/lib/jvm/java-8-openjdk-amd64/jre/lib/jsse.jar:/usr/lib/jvm/java-8-openjdk-amd64/jre/lib/jce.jar:/usr/lib/jvm/java-8-openjdk-amd64/jre/lib/charsets.jar:/usr/lib/jvm/java-8-openjdk-amd64/jre/lib/jfr.jar:/usr/lib/jvm/java-8-openjdk-amd64/jre/classes"/>
    <property name="sun.management.compiler" value="HotSpot 64-Bit Tiered Compilers"/>
    <property name="java.runtime.version" value="1.8.0_292-8u292-b10-0ubuntu1~20.04-b10"/>
    <property name="user.name" value="teeairs"/>
    <property name="path.separator" value=":"/>
    <property name="os.version" value="5.11.0-36-generic"/>
    <property name="java.endorsed.dirs" value="/usr/lib/jvm/java-8-openjdk-amd64/jre/lib/endorsed"/>
    <property name="java.runtime.name" value="OpenJDK Runtime Environment"/>
    <property name="file.encoding" value="UTF-8"/>
    <property name="java.vm.name" value="OpenJDK 64-Bit Server VM"/>
    <property name="localRepository" value="/home/teeairs/Downloads/repo"/>
    <property name="java.vendor.url.bug" value="http://bugreport.sun.com/bugreport/"/>
    <property name="java.io.tmpdir" value="/tmp"/>
    <property name="idea.version" value="2021.2.2"/>
    <property name="java.version" value="1.8.0_292"/>
    <property name="user.dir" value="/home/teeairs/IdeaProjects/AccountSystem/AccountSystemLogic"/>
    <property name="os.arch" value="amd64"/>
    <property name="java.vm.specification.name" value="Java Virtual Machine Specification"/>
    <property name="java.awt.printerjob" value="sun.print.PSPrinterJob"/>
    <property name="sun.os.patch.level" value="unknown"/>
    <property name="java.library.path" value="/usr/java/packages/lib/amd64:/usr/lib/x86_64-linux-gnu/jni:/lib/x86_64-linux-gnu:/usr/lib/x86_64-linux-gnu:/usr/lib/jni:/lib:/usr/lib"/>
    <property name="java.vm.info" value="mixed mode"/>
    <property name="java.vendor" value="Private Build"/>
    <property name="java.vm.version" value="25.292-b10"/>
    <property name="java.ext.dirs" value="/usr/lib/jvm/java-8-openjdk-amd64/jre/lib/ext:/usr/java/packages/lib/ext"/>
    <property name="sun.io.unicode.encoding" value="UnicodeLittle"/>
    <property name="java.class.version" value="52.0"/>
  </properties>
  <testcase name="methodToTest" classname="za.ac.nwu.ac.logic.flow.impl.FetchAccountTypeFlowImplTest" time="0"/>
</testsuite>